# JRE version: OpenJDK Runtime Environment (8.0_242-b01) (build 1.8.0_242-release-1644-b01)
# Java VM: OpenJDK 64-Bit Server VM (25.242-b01 mixed mode windows-amd64 compressed oops)
Heap:
 PSYoungGen      total 291328K, used 154225K [0x00000000d5580000, 0x00000000eb180000, 0x0000000100000000)
  eden space 267264K, 48% used [0x00000000d5580000,0x00000000dd4c5c90,0x00000000e5a80000)
  from space 24064K, 99% used [0x00000000e5a80000,0x00000000e71ff6b0,0x00000000e7200000)
  to   space 31744K, 0% used [0x00000000e9280000,0x00000000e9280000,0x00000000eb180000)
 ParOldGen       total 208896K, used 53049K [0x0000000080000000, 0x000000008cc00000, 0x00000000d5580000)
  object space 208896K, 25% used [0x0000000080000000,0x00000000833ce458,0x000000008cc00000)
 Metaspace       used 80863K, capacity 85188K, committed 85336K, reserved 1122304K
  class space    used 10787K, capacity 11583K, committed 11648K, reserved 1048576K
GC Heap History (10 events):
Event: 7.670 GC heap before
{Heap before GC invocations=12 (full 2):
 PSYoungGen      total 201728K, used 200507K [0x00000000d5580000, 0x00000000e4a80000, 0x0000000100000000)
  eden space 187904K, 100% used [0x00000000d5580000,0x00000000e0d00000,0x00000000e0d00000)
  from space 13824K, 91% used [0x00000000e0d00000,0x00000000e194ecb0,0x00000000e1a80000)
  to   space 14848K, 0% used [0x00000000e3c00000,0x00000000e3c00000,0x00000000e4a80000)
 ParOldGen       total 130560K, used 13892K [0x0000000080000000, 0x0000000087f80000, 0x00000000d5580000)
  object space 130560K, 10% used [0x0000000080000000,0x0000000080d913e8,0x0000000087f80000)
 Metaspace       used 42255K, capacity 44292K, committed 44544K, reserved 1087488K
  class space    used 5671K, capacity 6045K, committed 6144K, reserved 1048576K
Event: 7.676 GC heap after
Heap after GC invocations=12 (full 2):
 PSYoungGen      total 236544K, used 9248K [0x00000000d5580000, 0x00000000e5980000, 0x0000000100000000)
  eden space 221696K, 0% used [0x00000000d5580000,0x00000000d5580000,0x00000000e2e00000)
  from space 14848K, 62% used [0x00000000e3c00000,0x00000000e4508030,0x00000000e4a80000)
  to   space 14336K, 0% used [0x00000000e2e00000,0x00000000e2e00000,0x00000000e3c00000)
 ParOldGen       total 130560K, used 13900K [0x0000000080000000, 0x0000000087f80000, 0x00000000d5580000)
  object space 130560K, 10% used [0x0000000080000000,0x0000000080d933e8,0x0000000087f80000)
 Metaspace       used 42255K, capacity 44292K, committed 44544K, reserved 1087488K
  class space    used 5671K, capacity 6045K, committed 6144K, reserved 1048576K
}
Event: 10.883 GC heap before
{Heap before GC invocations=13 (full 2):
 PSYoungGen      total 236544K, used 162233K [0x00000000d5580000, 0x00000000e5980000, 0x0000000100000000)
  eden space 221696K, 69% used [0x00000000d5580000,0x00000000deae6598,0x00000000e2e00000)
  from space 14848K, 62% used [0x00000000e3c00000,0x00000000e4508030,0x00000000e4a80000)
  to   space 14336K, 0% used [0x00000000e2e00000,0x00000000e2e00000,0x00000000e3c00000)
 ParOldGen       total 130560K, used 13900K [0x0000000080000000, 0x0000000087f80000, 0x00000000d5580000)
  object space 130560K, 10% used [0x0000000080000000,0x0000000080d933e8,0x0000000087f80000)
 Metaspace       used 56455K, capacity 58982K, committed 59096K, reserved 1099776K
  class space    used 7372K, capacity 7886K, committed 7936K, reserved 1048576K
Event: 10.897 GC heap after
Heap after GC invocations=13 (full 2):
 PSYoungGen      total 236032K, used 14316K [0x00000000d5580000, 0x00000000e8980000, 0x0000000100000000)
  eden space 221696K, 0% used [0x00000000d5580000,0x00000000d5580000,0x00000000e2e00000)
  from space 14336K, 99% used [0x00000000e2e00000,0x00000000e3bfb300,0x00000000e3c00000)
  to   space 20480K, 0% used [0x00000000e7580000,0x00000000e7580000,0x00000000e8980000)
 ParOldGen       total 130560K, used 25924K [0x0000000080000000, 0x0000000087f80000, 0x00000000d5580000)
  object space 130560K, 19% used [0x0000000080000000,0x0000000081951088,0x0000000087f80000)
 Metaspace       used 56455K, capacity 58982K, committed 59096K, reserved 1099776K
  class space    used 7372K, capacity 7886K, committed 7936K, reserved 1048576K
}
Event: 10.898 GC heap before
{Heap before GC invocations=14 (full 3):
 PSYoungGen      total 236032K, used 14316K [0x00000000d5580000, 0x00000000e8980000, 0x0000000100000000)
  eden space 221696K, 0% used [0x00000000d5580000,0x00000000d5580000,0x00000000e2e00000)
  from space 14336K, 99% used [0x00000000e2e00000,0x00000000e3bfb300,0x00000000e3c00000)
  to   space 20480K, 0% used [0x00000000e7580000,0x00000000e7580000,0x00000000e8980000)
 ParOldGen       total 130560K, used 25924K [0x0000000080000000, 0x0000000087f80000, 0x00000000d5580000)
  object space 130560K, 19% used [0x0000000080000000,0x0000000081951088,0x0000000087f80000)
 Metaspace       used 56455K, capacity 58982K, committed 59096K, reserved 1099776K
  class space    used 7372K, capacity 7886K, committed 7936K, reserved 1048576K
Event: 11.263 GC heap after
Heap after GC invocations=14 (full 3):
 PSYoungGen      total 236032K, used 0K [0x00000000d5580000, 0x00000000e8980000, 0x0000000100000000)
  eden space 221696K, 0% used [0x00000000d5580000,0x00000000d5580000,0x00000000e2e00000)
  from space 14336K, 0% used [0x00000000e2e00000,0x00000000e2e00000,0x00000000e3c00000)
  to   space 20480K, 0% used [0x00000000e7580000,0x00000000e7580000,0x00000000e8980000)
 ParOldGen       total 208896K, used 38036K [0x0000000080000000, 0x000000008cc00000, 0x00000000d5580000)
  object space 208896K, 18% used [0x0000000080000000,0x00000000825253d0,0x000000008cc00000)
 Metaspace       used 56273K, capacity 58510K, committed 59096K, reserved 1099776K
  class space    used 7321K, capacity 7785K, committed 7936K, reserved 1048576K
}
Event: 15.618 GC heap before
{Heap before GC invocations=15 (full 3):
 PSYoungGen      total 236032K, used 221696K [0x00000000d5580000, 0x00000000e8980000, 0x0000000100000000)
  eden space 221696K, 100% used [0x00000000d5580000,0x00000000e2e00000,0x00000000e2e00000)
  from space 14336K, 0% used [0x00000000e2e00000,0x00000000e2e00000,0x00000000e3c00000)
  to   space 20480K, 0% used [0x00000000e7580000,0x00000000e7580000,0x00000000e8980000)
 ParOldGen       total 208896K, used 38036K [0x0000000080000000, 0x000000008cc00000, 0x00000000d5580000)
  object space 208896K, 18% used [0x0000000080000000,0x00000000825253d0,0x000000008cc00000)
 Metaspace       used 69761K, capacity 72624K, committed 72920K, reserved 1112064K
  class space    used 9334K, capacity 9922K, committed 9984K, reserved 1048576K
Event: 15.657 GC heap after
Heap after GC invocations=15 (full 3):
 PSYoungGen      total 278016K, used 20463K [0x00000000d5580000, 0x00000000e8980000, 0x0000000100000000)
  eden space 257536K, 0% used [0x00000000d5580000,0x00000000d5580000,0x00000000e5100000)
  from space 20480K, 99% used [0x00000000e7580000,0x00000000e897bcc0,0x00000000e8980000)
  to   space 24064K, 0% used [0x00000000e5a80000,0x00000000e5a80000,0x00000000e7200000)
 ParOldGen       total 208896K, used 40282K [0x0000000080000000, 0x000000008cc00000, 0x00000000d5580000)
  object space 208896K, 19% used [0x0000000080000000,0x0000000082756928,0x000000008cc00000)
 Metaspace       used 69761K, capacity 72624K, committed 72920K, reserved 1112064K
  class space    used 9334K, capacity 9922K, committed 9984K, reserved 1048576K
}
Event: 27.426 GC heap before
{Heap before GC invocations=16 (full 3):
 PSYoungGen      total 278016K, used 277999K [0x00000000d5580000, 0x00000000e8980000, 0x0000000100000000)
  eden space 257536K, 100% used [0x00000000d5580000,0x00000000e5100000,0x00000000e5100000)
  from space 20480K, 99% used [0x00000000e7580000,0x00000000e897bcc0,0x00000000e8980000)
  to   space 24064K, 0% used [0x00000000e5a80000,0x00000000e5a80000,0x00000000e7200000)
 ParOldGen       total 208896K, used 40282K [0x0000000080000000, 0x000000008cc00000, 0x00000000d5580000)
  object space 208896K, 19% used [0x0000000080000000,0x0000000082756928,0x000000008cc00000)
 Metaspace       used 80673K, capacity 84938K, committed 85080K, reserved 1122304K
  class space    used 10784K, capacity 11548K, committed 11648K, reserved 1048576K
Event: 27.451 GC heap after
Heap after GC invocations=16 (full 3):
 PSYoungGen      total 291328K, used 24061K [0x00000000d5580000, 0x00000000eb180000, 0x0000000100000000)
  eden space 267264K, 0% used [0x00000000d5580000,0x00000000d5580000,0x00000000e5a80000)
  from space 24064K, 99% used [0x00000000e5a80000,0x00000000e71ff6b0,0x00000000e7200000)
  to   space 31744K, 0% used [0x00000000e9280000,0x00000000e9280000,0x00000000eb180000)
 ParOldGen       total 208896K, used 53049K [0x0000000080000000, 0x000000008cc00000, 0x00000000d5580000)
  object space 208896K, 25% used [0x0000000080000000,0x00000000833ce458,0x000000008cc00000)
 Metaspace       used 80673K, capacity 84938K, committed 85080K, reserved 1122304K
  class space    used 10784K, capacity 11548K, committed 11648K, reserved 1048576K
}

